D:\WORK\PROJECT\HAIXIANG\DDZ\RELEASE\SERVICE.OBJ
D:\WORK\PROJECT\HAIXIANG\DDZ\RELEASE\POKER_CARD.OBJ
D:\WORK\PROJECT\HAIXIANG\DDZ\RELEASE\MSG_CLIENT.OBJ
D:\WORK\PROJECT\HAIXIANG\DDZ\RELEASE\GAME_PLAYER.OBJ
D:\WORK\PROJECT\HAIXIANG\DDZ\RELEASE\GAME_LOGIC.OBJ
D:\WORK\PROJECT\HAIXIANG\DDZ\RELEASE\MSG_CLIENT_COMMON.OBJ
D:\WORK\PROJECT\HAIXIANG\DDZ\RELEASE\MAIN.OBJ
D:\WORK\PROJECT\HAIXIANG\DDZ\RELEASE\BASE64CON.OBJ
D:\WORK\PROJECT\HAIXIANG\DDZ\RELEASE\VC110.PDB
D:\WORK\PROJECT\HAIXIANG\DDZ\RELEASE\DDZ.EXE
D:\WORK\PROJECT\HAIXIANG\DDZ\RELEASE\DDZ.PDB
D:\work\project\haixiang\ddz\Release\base64Con.obj
D:\work\project\haixiang\ddz\Release\game_logic.obj
D:\work\project\haixiang\ddz\Release\game_player.obj
D:\work\project\haixiang\ddz\Release\main.obj
D:\work\project\haixiang\ddz\Release\msg_client.obj
D:\work\project\haixiang\ddz\Release\msg_client_common.obj
D:\work\project\haixiang\ddz\Release\poker_card.obj
D:\work\project\haixiang\ddz\Release\service.obj
D:\work\project\haixiang\ddz\Release\cl.command.1.tlog
D:\work\project\haixiang\ddz\Release\CL.read.1.tlog
D:\work\project\haixiang\ddz\Release\CL.write.1.tlog
D:\work\project\haixiang\ddz\Release\link-cvtres.read.1.tlog
D:\work\project\haixiang\ddz\Release\link-cvtres.write.1.tlog
D:\work\project\haixiang\ddz\Release\link-mt.read.1.tlog
D:\work\project\haixiang\ddz\Release\link-mt.write.1.tlog
D:\work\project\haixiang\ddz\Release\link-rc.read.1.tlog
D:\work\project\haixiang\ddz\Release\link-rc.write.1.tlog
D:\work\project\haixiang\ddz\Release\link.command.1.tlog
D:\work\project\haixiang\ddz\Release\link.read.1.tlog
D:\work\project\haixiang\ddz\Release\link.write.1.tlog
D:\work\project\haixiang\ddz\Release\ddz.pdb
D:\work\project\haixiang\ddz\Release\vc110.pdb
D:\work\project\haixiang\ddz\Release\ddz.exe
