  game_logic.cpp
  Please define _WIN32_WINNT or _WIN32_WINDOWS appropriately. For example:
  - add -D_WIN32_WINNT=0x0501 to the compiler command line; or
  - add _WIN32_WINNT=0x0501 to your project's Preprocessor Definitions.
  Assuming _WIN32_WINNT=0x0501 (i.e. Windows XP target).
d:\program files (x86)\microsoft visual studio 11.0\vc\include\algorithm(965): warning C4996: 'std::_Swap_ranges': Function call with parameters that may be unsafe - this call relies on the caller to check that the passed values are correct. To disable this warning, use -D_SCL_SECURE_NO_WARNINGS. See documentation on how to use Visual C++ 'Checked Iterators'
          d:\program files (x86)\microsoft visual studio 11.0\vc\include\algorithm(950) : 参见“std::_Swap_ranges”的声明
          c:\boost_1_55_0\boost\uuid\uuid.hpp(151): 参见对正在编译的函数 模板 实例化“_FwdIt2 std::swap_ranges<boost::uuids::uuid::iterator,boost::uuids::uuid::iterator>(_FwdIt1,_FwdIt1,_FwdIt2)”的引用
          with
          [
              _FwdIt2=boost::uuids::uuid::iterator,
              _FwdIt1=boost::uuids::uuid::iterator
          ]
d:\program files (x86)\microsoft visual studio 11.0\vc\include\xutility(3017): warning C4996: 'std::_Equal1': Function call with parameters that may be unsafe - this call relies on the caller to check that the passed values are correct. To disable this warning, use -D_SCL_SECURE_NO_WARNINGS. See documentation on how to use Visual C++ 'Checked Iterators'
          d:\program files (x86)\microsoft visual studio 11.0\vc\include\xutility(3002) : 参见“std::_Equal1”的声明
          c:\boost_1_55_0\boost\uuid\uuid.hpp(161): 参见对正在编译的函数 模板 实例化“bool std::equal<boost::uuids::uuid::const_iterator,boost::uuids::uuid::const_iterator>(_InIt1,_InIt1,_InIt2)”的引用
          with
          [
              _InIt1=boost::uuids::uuid::const_iterator,
              _InIt2=boost::uuids::uuid::const_iterator
          ]
  ddz.vcxproj -> D:\work\project\haixiang\ddz\Debug\ddz.exe
