D:\WORK\PROJECT\HAIXIANG\DDZ\DEBUG\BASE64CON.OBJ
D:\WORK\PROJECT\HAIXIANG\DDZ\DEBUG\MAIN.OBJ
D:\WORK\PROJECT\HAIXIANG\DDZ\DEBUG\MSG_CLIENT_COMMON.OBJ
D:\WORK\PROJECT\HAIXIANG\DDZ\DEBUG\GAME_LOGIC.OBJ
D:\WORK\PROJECT\HAIXIANG\DDZ\DEBUG\GAME_PLAYER.OBJ
D:\WORK\PROJECT\HAIXIANG\DDZ\DEBUG\MSG_CLIENT.OBJ
D:\WORK\PROJECT\HAIXIANG\DDZ\DEBUG\POKER_CARD.OBJ
D:\WORK\PROJECT\HAIXIANG\DDZ\DEBUG\SERVICE.OBJ
D:\WORK\PROJECT\HAIXIANG\DDZ\DEBUG\VC110.PDB
D:\WORK\PROJECT\HAIXIANG\DDZ\DEBUG\DDZ.ILK
D:\WORK\PROJECT\HAIXIANG\DDZ\DEBUG\DDZ.EXE
D:\WORK\PROJECT\HAIXIANG\DDZ\DEBUG\DDZ.PDB
D:\work\project\haixiang\ddz\Debug\base64Con.obj
D:\work\project\haixiang\ddz\Debug\game_logic.obj
D:\work\project\haixiang\ddz\Debug\game_player.obj
D:\work\project\haixiang\ddz\Debug\main.obj
D:\work\project\haixiang\ddz\Debug\msg_client.obj
D:\work\project\haixiang\ddz\Debug\msg_client_common.obj
D:\work\project\haixiang\ddz\Debug\poker_card.obj
D:\work\project\haixiang\ddz\Debug\service.obj
D:\work\project\haixiang\ddz\Debug\ddz.ilk
D:\work\project\haixiang\ddz\Debug\cl.command.1.tlog
D:\work\project\haixiang\ddz\Debug\CL.read.1.tlog
D:\work\project\haixiang\ddz\Debug\CL.write.1.tlog
D:\work\project\haixiang\ddz\Debug\link-cvtres.read.1.tlog
D:\work\project\haixiang\ddz\Debug\link-cvtres.write.1.tlog
D:\work\project\haixiang\ddz\Debug\link-mt.read.1.tlog
D:\work\project\haixiang\ddz\Debug\link-mt.write.1.tlog
D:\work\project\haixiang\ddz\Debug\link-rc.read.1.tlog
D:\work\project\haixiang\ddz\Debug\link-rc.write.1.tlog
D:\work\project\haixiang\ddz\Debug\link.3024-cvtres.read.1.tlog
D:\work\project\haixiang\ddz\Debug\link.3024-cvtres.write.1.tlog
D:\work\project\haixiang\ddz\Debug\link.3024-mt.read.1.tlog
D:\work\project\haixiang\ddz\Debug\link.3024-mt.write.1.tlog
D:\work\project\haixiang\ddz\Debug\link.3024-rc.read.1.tlog
D:\work\project\haixiang\ddz\Debug\link.3024-rc.write.1.tlog
D:\work\project\haixiang\ddz\Debug\link.3024.read.1.tlog
D:\work\project\haixiang\ddz\Debug\link.3024.write.1.tlog
D:\work\project\haixiang\ddz\Debug\link.3684-cvtres.read.1.tlog
D:\work\project\haixiang\ddz\Debug\link.3684-cvtres.write.1.tlog
D:\work\project\haixiang\ddz\Debug\link.3684-mt.read.1.tlog
D:\work\project\haixiang\ddz\Debug\link.3684-mt.write.1.tlog
D:\work\project\haixiang\ddz\Debug\link.3684-rc.read.1.tlog
D:\work\project\haixiang\ddz\Debug\link.3684-rc.write.1.tlog
D:\work\project\haixiang\ddz\Debug\link.3684.read.1.tlog
D:\work\project\haixiang\ddz\Debug\link.3684.write.1.tlog
D:\work\project\haixiang\ddz\Debug\link.5476-cvtres.read.1.tlog
D:\work\project\haixiang\ddz\Debug\link.5476-cvtres.write.1.tlog
D:\work\project\haixiang\ddz\Debug\link.5476-mt.read.1.tlog
D:\work\project\haixiang\ddz\Debug\link.5476-mt.write.1.tlog
D:\work\project\haixiang\ddz\Debug\link.5476-rc.read.1.tlog
D:\work\project\haixiang\ddz\Debug\link.5476-rc.write.1.tlog
D:\work\project\haixiang\ddz\Debug\link.5476.read.1.tlog
D:\work\project\haixiang\ddz\Debug\link.5476.write.1.tlog
D:\work\project\haixiang\ddz\Debug\link.5512-cvtres.read.1.tlog
D:\work\project\haixiang\ddz\Debug\link.5512-cvtres.write.1.tlog
D:\work\project\haixiang\ddz\Debug\link.5512-mt.read.1.tlog
D:\work\project\haixiang\ddz\Debug\link.5512-mt.write.1.tlog
D:\work\project\haixiang\ddz\Debug\link.5512-rc.read.1.tlog
D:\work\project\haixiang\ddz\Debug\link.5512-rc.write.1.tlog
D:\work\project\haixiang\ddz\Debug\link.5512.read.1.tlog
D:\work\project\haixiang\ddz\Debug\link.5512.write.1.tlog
D:\work\project\haixiang\ddz\Debug\link.6296-cvtres.read.1.tlog
D:\work\project\haixiang\ddz\Debug\link.6296-cvtres.write.1.tlog
D:\work\project\haixiang\ddz\Debug\link.6296-mt.read.1.tlog
D:\work\project\haixiang\ddz\Debug\link.6296-mt.write.1.tlog
D:\work\project\haixiang\ddz\Debug\link.6296-rc.read.1.tlog
D:\work\project\haixiang\ddz\Debug\link.6296-rc.write.1.tlog
D:\work\project\haixiang\ddz\Debug\link.6296.read.1.tlog
D:\work\project\haixiang\ddz\Debug\link.6296.write.1.tlog
D:\work\project\haixiang\ddz\Debug\link.7428-cvtres.read.1.tlog
D:\work\project\haixiang\ddz\Debug\link.7428-cvtres.write.1.tlog
D:\work\project\haixiang\ddz\Debug\link.7428-mt.read.1.tlog
D:\work\project\haixiang\ddz\Debug\link.7428-mt.write.1.tlog
D:\work\project\haixiang\ddz\Debug\link.7428-rc.read.1.tlog
D:\work\project\haixiang\ddz\Debug\link.7428-rc.write.1.tlog
D:\work\project\haixiang\ddz\Debug\link.7428.read.1.tlog
D:\work\project\haixiang\ddz\Debug\link.7428.write.1.tlog
D:\work\project\haixiang\ddz\Debug\link.8128-cvtres.read.1.tlog
D:\work\project\haixiang\ddz\Debug\link.8128-cvtres.write.1.tlog
D:\work\project\haixiang\ddz\Debug\link.8128-mt.read.1.tlog
D:\work\project\haixiang\ddz\Debug\link.8128-mt.write.1.tlog
D:\work\project\haixiang\ddz\Debug\link.8128-rc.read.1.tlog
D:\work\project\haixiang\ddz\Debug\link.8128-rc.write.1.tlog
D:\work\project\haixiang\ddz\Debug\link.8128.read.1.tlog
D:\work\project\haixiang\ddz\Debug\link.8128.write.1.tlog
D:\work\project\haixiang\ddz\Debug\link.command.1.tlog
D:\work\project\haixiang\ddz\Debug\link.read.1.tlog
D:\work\project\haixiang\ddz\Debug\link.write.1.tlog
D:\work\project\haixiang\ddz\Debug\vc110.idb
D:\work\project\haixiang\ddz\Debug\ddz.pdb
D:\work\project\haixiang\ddz\Debug\vc110.pdb
D:\work\project\haixiang\ddz\Debug\ddz.exe
