D:\WORK\PROJECT\HAIXIANG\NIUNIU_IPHONE\RELEASE\SERVICE.OBJ
D:\WORK\PROJECT\HAIXIANG\NIUNIU_IPHONE\RELEASE\PODER_CARD.OBJ
D:\WORK\PROJECT\HAIXIANG\NIUNIU_IPHONE\RELEASE\MSG_CLIENT.OBJ
D:\WORK\PROJECT\HAIXIANG\NIUNIU_IPHONE\RELEASE\GAME_PLAYER.OBJ
D:\WORK\PROJECT\HAIXIANG\NIUNIU_IPHONE\RELEASE\GAME_LOGIC.OBJ
D:\WORK\PROJECT\HAIXIANG\NIUNIU_IPHONE\RELEASE\TELFEE_MATCH.OBJ
D:\WORK\PROJECT\HAIXIANG\NIUNIU_IPHONE\RELEASE\MSG_CLIENT_COMMON.OBJ
D:\WORK\PROJECT\HAIXIANG\NIUNIU_IPHONE\RELEASE\MAIN.OBJ
D:\WORK\PROJECT\HAIXIANG\NIUNIU_IPHONE\RELEASE\BASE64CON.OBJ
D:\WORK\PROJECT\HAIXIANG\NIUNIU_IPHONE\RELEASE\VC110.PDB
D:\WORK\PROJECT\HAIXIANG\NIUNIU_IPHONE\RELEASE\NIUNIU_IPHONE.EXE
D:\WORK\PROJECT\HAIXIANG\NIUNIU_IPHONE\RELEASE\NIUNIU_IPHONE.PDB
D:\work\project\haixiang\niuniu_iphone\Release\base64Con.obj
D:\work\project\haixiang\niuniu_iphone\Release\game_logic.obj
D:\work\project\haixiang\niuniu_iphone\Release\game_player.obj
D:\work\project\haixiang\niuniu_iphone\Release\main.obj
D:\work\project\haixiang\niuniu_iphone\Release\msg_client.obj
D:\work\project\haixiang\niuniu_iphone\Release\msg_client_common.obj
D:\work\project\haixiang\niuniu_iphone\Release\poder_card.obj
D:\work\project\haixiang\niuniu_iphone\Release\service.obj
D:\work\project\haixiang\niuniu_iphone\Release\telfee_match.obj
D:\work\project\haixiang\niuniu_iphone\Release\cl.command.1.tlog
D:\work\project\haixiang\niuniu_iphone\Release\CL.read.1.tlog
D:\work\project\haixiang\niuniu_iphone\Release\CL.write.1.tlog
D:\work\project\haixiang\niuniu_iphone\Release\link-cvtres.read.1.tlog
D:\work\project\haixiang\niuniu_iphone\Release\link-cvtres.write.1.tlog
D:\work\project\haixiang\niuniu_iphone\Release\link-mt.read.1.tlog
D:\work\project\haixiang\niuniu_iphone\Release\link-mt.write.1.tlog
D:\work\project\haixiang\niuniu_iphone\Release\link-rc.read.1.tlog
D:\work\project\haixiang\niuniu_iphone\Release\link-rc.write.1.tlog
D:\work\project\haixiang\niuniu_iphone\Release\link.command.1.tlog
D:\work\project\haixiang\niuniu_iphone\Release\link.read.1.tlog
D:\work\project\haixiang\niuniu_iphone\Release\link.write.1.tlog
D:\work\project\haixiang\niuniu_iphone\Release\niuniu_iphone.pdb
D:\work\project\haixiang\niuniu_iphone\Release\vc110.pdb
D:\work\project\haixiang\niuniu_iphone\Release\niuniu_iphone.exe
