  service.cpp
  Please define _WIN32_WINNT or _WIN32_WINDOWS appropriately. For example:
  - add -D_WIN32_WINNT=0x0501 to the compiler command line; or
  - add _WIN32_WINNT=0x0501 to your project's Preprocessor Definitions.
  Assuming _WIN32_WINNT=0x0501 (i.e. Windows XP target).
d:\work\project\haixiang\game_service_base\service_config_base.hpp(29): warning C4244: “初始化”: 从“double”转换到“float”，可能丢失数据
d:\program files (x86)\microsoft visual studio 11.0\vc\include\algorithm(965): warning C4996: 'std::_Swap_ranges': Function call with parameters that may be unsafe - this call relies on the caller to check that the passed values are correct. To disable this warning, use -D_SCL_SECURE_NO_WARNINGS. See documentation on how to use Visual C++ 'Checked Iterators'
          d:\program files (x86)\microsoft visual studio 11.0\vc\include\algorithm(950) : 参见“std::_Swap_ranges”的声明
          c:\boost_1_55_0\boost\uuid\uuid.hpp(151): 参见对正在编译的函数 模板 实例化“_FwdIt2 std::swap_ranges<boost::uuids::uuid::iterator,boost::uuids::uuid::iterator>(_FwdIt1,_FwdIt1,_FwdIt2)”的引用
          with
          [
              _FwdIt2=boost::uuids::uuid::iterator,
              _FwdIt1=boost::uuids::uuid::iterator
          ]
d:\program files (x86)\microsoft visual studio 11.0\vc\include\xutility(3017): warning C4996: 'std::_Equal1': Function call with parameters that may be unsafe - this call relies on the caller to check that the passed values are correct. To disable this warning, use -D_SCL_SECURE_NO_WARNINGS. See documentation on how to use Visual C++ 'Checked Iterators'
          d:\program files (x86)\microsoft visual studio 11.0\vc\include\xutility(3002) : 参见“std::_Equal1”的声明
          c:\boost_1_55_0\boost\uuid\uuid.hpp(161): 参见对正在编译的函数 模板 实例化“bool std::equal<boost::uuids::uuid::const_iterator,boost::uuids::uuid::const_iterator>(_InIt1,_InIt1,_InIt2)”的引用
          with
          [
              _InIt1=boost::uuids::uuid::const_iterator,
              _InIt2=boost::uuids::uuid::const_iterator
          ]
  poder_card.cpp
  msg_client.cpp
  Please define _WIN32_WINNT or _WIN32_WINDOWS appropriately. For example:
  - add -D_WIN32_WINNT=0x0501 to the compiler command line; or
  - add _WIN32_WINNT=0x0501 to your project's Preprocessor Definitions.
  Assuming _WIN32_WINNT=0x0501 (i.e. Windows XP target).
d:\program files (x86)\microsoft visual studio 11.0\vc\include\algorithm(965): warning C4996: 'std::_Swap_ranges': Function call with parameters that may be unsafe - this call relies on the caller to check that the passed values are correct. To disable this warning, use -D_SCL_SECURE_NO_WARNINGS. See documentation on how to use Visual C++ 'Checked Iterators'
          d:\program files (x86)\microsoft visual studio 11.0\vc\include\algorithm(950) : 参见“std::_Swap_ranges”的声明
          c:\boost_1_55_0\boost\uuid\uuid.hpp(151): 参见对正在编译的函数 模板 实例化“_FwdIt2 std::swap_ranges<boost::uuids::uuid::iterator,boost::uuids::uuid::iterator>(_FwdIt1,_FwdIt1,_FwdIt2)”的引用
          with
          [
              _FwdIt2=boost::uuids::uuid::iterator,
              _FwdIt1=boost::uuids::uuid::iterator
          ]
d:\program files (x86)\microsoft visual studio 11.0\vc\include\xutility(3017): warning C4996: 'std::_Equal1': Function call with parameters that may be unsafe - this call relies on the caller to check that the passed values are correct. To disable this warning, use -D_SCL_SECURE_NO_WARNINGS. See documentation on how to use Visual C++ 'Checked Iterators'
          d:\program files (x86)\microsoft visual studio 11.0\vc\include\xutility(3002) : 参见“std::_Equal1”的声明
          c:\boost_1_55_0\boost\uuid\uuid.hpp(161): 参见对正在编译的函数 模板 实例化“bool std::equal<boost::uuids::uuid::const_iterator,boost::uuids::uuid::const_iterator>(_InIt1,_InIt1,_InIt2)”的引用
          with
          [
              _InIt1=boost::uuids::uuid::const_iterator,
              _InIt2=boost::uuids::uuid::const_iterator
          ]
  game_player.cpp
  Please define _WIN32_WINNT or _WIN32_WINDOWS appropriately. For example:
  - add -D_WIN32_WINNT=0x0501 to the compiler command line; or
  - add _WIN32_WINNT=0x0501 to your project's Preprocessor Definitions.
  Assuming _WIN32_WINNT=0x0501 (i.e. Windows XP target).
d:\program files (x86)\microsoft visual studio 11.0\vc\include\algorithm(965): warning C4996: 'std::_Swap_ranges': Function call with parameters that may be unsafe - this call relies on the caller to check that the passed values are correct. To disable this warning, use -D_SCL_SECURE_NO_WARNINGS. See documentation on how to use Visual C++ 'Checked Iterators'
          d:\program files (x86)\microsoft visual studio 11.0\vc\include\algorithm(950) : 参见“std::_Swap_ranges”的声明
          c:\boost_1_55_0\boost\uuid\uuid.hpp(151): 参见对正在编译的函数 模板 实例化“_FwdIt2 std::swap_ranges<boost::uuids::uuid::iterator,boost::uuids::uuid::iterator>(_FwdIt1,_FwdIt1,_FwdIt2)”的引用
          with
          [
              _FwdIt2=boost::uuids::uuid::iterator,
              _FwdIt1=boost::uuids::uuid::iterator
          ]
d:\program files (x86)\microsoft visual studio 11.0\vc\include\xutility(3017): warning C4996: 'std::_Equal1': Function call with parameters that may be unsafe - this call relies on the caller to check that the passed values are correct. To disable this warning, use -D_SCL_SECURE_NO_WARNINGS. See documentation on how to use Visual C++ 'Checked Iterators'
          d:\program files (x86)\microsoft visual studio 11.0\vc\include\xutility(3002) : 参见“std::_Equal1”的声明
          c:\boost_1_55_0\boost\uuid\uuid.hpp(161): 参见对正在编译的函数 模板 实例化“bool std::equal<boost::uuids::uuid::const_iterator,boost::uuids::uuid::const_iterator>(_InIt1,_InIt1,_InIt2)”的引用
          with
          [
              _InIt1=boost::uuids::uuid::const_iterator,
              _InIt2=boost::uuids::uuid::const_iterator
          ]
  game_logic.cpp
  Please define _WIN32_WINNT or _WIN32_WINDOWS appropriately. For example:
  - add -D_WIN32_WINNT=0x0501 to the compiler command line; or
  - add _WIN32_WINNT=0x0501 to your project's Preprocessor Definitions.
  Assuming _WIN32_WINNT=0x0501 (i.e. Windows XP target).
d:\work\project\haixiang\niuniu_iphone\game_logic.cpp(448): warning C4244: “=”: 从“longlong”转换到“double”，可能丢失数据
d:\work\project\haixiang\niuniu_iphone\game_logic.cpp(882): warning C4244: “参数”: 从“longlong”转换到“int”，可能丢失数据
d:\work\project\haixiang\niuniu_iphone\game_logic.cpp(888): warning C4244: “参数”: 从“longlong”转换到“int”，可能丢失数据
d:\work\project\haixiang\niuniu_iphone\game_logic.cpp(978): warning C4244: “=”: 从“longlong”转换到“double”，可能丢失数据
d:\work\project\haixiang\niuniu_iphone\game_logic.cpp(987): warning C4244: “=”: 从“longlong”转换到“double”，可能丢失数据
d:\work\project\haixiang\niuniu_iphone\game_logic.cpp(1068): warning C4244: “=”: 从“longlong”转换到“double”，可能丢失数据
d:\work\project\haixiang\niuniu_iphone\game_logic.cpp(1092): warning C4244: “=”: 从“longlong”转换到“double”，可能丢失数据
d:\work\project\haixiang\niuniu_iphone\game_logic.cpp(1147): warning C4244: “=”: 从“longlong”转换到“double”，可能丢失数据
d:\work\project\haixiang\niuniu_iphone\game_logic.cpp(1156): warning C4244: “=”: 从“longlong”转换到“double”，可能丢失数据
d:\work\project\haixiang\niuniu_iphone\game_logic.cpp(1159): warning C4244: “=”: 从“longlong”转换到“double”，可能丢失数据
d:\work\project\haixiang\niuniu_iphone\game_logic.cpp(1733): warning C4244: “=”: 从“longlong”转换到“double”，可能丢失数据
d:\work\project\haixiang\niuniu_iphone\game_logic.cpp(1737): warning C4244: “=”: 从“longlong”转换到“double”，可能丢失数据
d:\work\project\haixiang\niuniu_iphone\game_logic.cpp(1874): warning C4244: “参数”: 从“double”转换到“longlong”，可能丢失数据
d:\program files (x86)\microsoft visual studio 11.0\vc\include\algorithm(965): warning C4996: 'std::_Swap_ranges': Function call with parameters that may be unsafe - this call relies on the caller to check that the passed values are correct. To disable this warning, use -D_SCL_SECURE_NO_WARNINGS. See documentation on how to use Visual C++ 'Checked Iterators'
          d:\program files (x86)\microsoft visual studio 11.0\vc\include\algorithm(950) : 参见“std::_Swap_ranges”的声明
          c:\boost_1_55_0\boost\uuid\uuid.hpp(151): 参见对正在编译的函数 模板 实例化“_FwdIt2 std::swap_ranges<boost::uuids::uuid::iterator,boost::uuids::uuid::iterator>(_FwdIt1,_FwdIt1,_FwdIt2)”的引用
          with
          [
              _FwdIt2=boost::uuids::uuid::iterator,
              _FwdIt1=boost::uuids::uuid::iterator
          ]
d:\program files (x86)\microsoft visual studio 11.0\vc\include\xutility(3017): warning C4996: 'std::_Equal1': Function call with parameters that may be unsafe - this call relies on the caller to check that the passed values are correct. To disable this warning, use -D_SCL_SECURE_NO_WARNINGS. See documentation on how to use Visual C++ 'Checked Iterators'
          d:\program files (x86)\microsoft visual studio 11.0\vc\include\xutility(3002) : 参见“std::_Equal1”的声明
          c:\boost_1_55_0\boost\uuid\uuid.hpp(161): 参见对正在编译的函数 模板 实例化“bool std::equal<boost::uuids::uuid::const_iterator,boost::uuids::uuid::const_iterator>(_InIt1,_InIt1,_InIt2)”的引用
          with
          [
              _InIt1=boost::uuids::uuid::const_iterator,
              _InIt2=boost::uuids::uuid::const_iterator
          ]
  telfee_match.cpp
  Please define _WIN32_WINNT or _WIN32_WINDOWS appropriately. For example:
  - add -D_WIN32_WINNT=0x0501 to the compiler command line; or
  - add _WIN32_WINNT=0x0501 to your project's Preprocessor Definitions.
  Assuming _WIN32_WINNT=0x0501 (i.e. Windows XP target).
d:\work\project\haixiang\game_service_base\telfee_match.cpp(99): warning C4244: “初始化”: 从“double”转换到“float”，可能丢失数据
d:\work\project\haixiang\game_service_base\telfee_match.cpp(130): warning C4244: “=”: 从“__int64”转换到“int”，可能丢失数据
d:\work\project\haixiang\game_service_base\telfee_match.cpp(137): warning C4244: “=”: 从“__int64”转换到“int”，可能丢失数据
d:\work\project\haixiang\game_service_base\telfee_match.cpp(145): warning C4244: “=”: 从“__int64”转换到“int”，可能丢失数据
d:\work\project\haixiang\game_service_base\telfee_match.cpp(306): warning C4244: “=”: 从“__int64”转换到“int”，可能丢失数据
d:\work\project\haixiang\game_service_base\telfee_match.cpp(312): warning C4018: “<”: 有符号/无符号不匹配
d:\program files (x86)\microsoft visual studio 11.0\vc\include\algorithm(965): warning C4996: 'std::_Swap_ranges': Function call with parameters that may be unsafe - this call relies on the caller to check that the passed values are correct. To disable this warning, use -D_SCL_SECURE_NO_WARNINGS. See documentation on how to use Visual C++ 'Checked Iterators'
          d:\program files (x86)\microsoft visual studio 11.0\vc\include\algorithm(950) : 参见“std::_Swap_ranges”的声明
          c:\boost_1_55_0\boost\uuid\uuid.hpp(151): 参见对正在编译的函数 模板 实例化“_FwdIt2 std::swap_ranges<boost::uuids::uuid::iterator,boost::uuids::uuid::iterator>(_FwdIt1,_FwdIt1,_FwdIt2)”的引用
          with
          [
              _FwdIt2=boost::uuids::uuid::iterator,
              _FwdIt1=boost::uuids::uuid::iterator
          ]
d:\program files (x86)\microsoft visual studio 11.0\vc\include\xutility(3017): warning C4996: 'std::_Equal1': Function call with parameters that may be unsafe - this call relies on the caller to check that the passed values are correct. To disable this warning, use -D_SCL_SECURE_NO_WARNINGS. See documentation on how to use Visual C++ 'Checked Iterators'
          d:\program files (x86)\microsoft visual studio 11.0\vc\include\xutility(3002) : 参见“std::_Equal1”的声明
          c:\boost_1_55_0\boost\uuid\uuid.hpp(161): 参见对正在编译的函数 模板 实例化“bool std::equal<boost::uuids::uuid::const_iterator,boost::uuids::uuid::const_iterator>(_InIt1,_InIt1,_InIt2)”的引用
          with
          [
              _InIt1=boost::uuids::uuid::const_iterator,
              _InIt2=boost::uuids::uuid::const_iterator
          ]
  msg_client_common.cpp
  Please define _WIN32_WINNT or _WIN32_WINDOWS appropriately. For example:
  - add -D_WIN32_WINNT=0x0501 to the compiler command line; or
  - add _WIN32_WINNT=0x0501 to your project's Preprocessor Definitions.
  Assuming _WIN32_WINNT=0x0501 (i.e. Windows XP target).
d:\work\project\haixiang\game_service_base\msg_client_common.cpp(98): warning C4244: “参数”: 从“__int64”转换到“unsigned int”，可能丢失数据
d:\work\project\haixiang\game_service_base\msg_client_common.cpp(234): warning C4244: “=”: 从“double”转换到“__int64”，可能丢失数据
d:\work\project\haixiang\game_service_base\msg_client_common.cpp(557): warning C4244: “初始化”: 从“double”转换到“int”，可能丢失数据
d:\work\project\haixiang\game_service_base\msg_client_common.cpp(687): warning C4244: “初始化”: 从“longlong”转换到“int”，可能丢失数据
d:\work\project\haixiang\game_service_base\msg_client_common.cpp(767): warning C4244: “=”: 从“__int64”转换到“int”，可能丢失数据
d:\work\project\haixiang\game_service_base\msg_client_common.cpp(877): warning C4244: “=”: 从“__int64”转换到“double”，可能丢失数据
d:\work\project\haixiang\game_service_base\msg_client_common.cpp(901): warning C4244: “=”: 从“long”转换到“short”，可能丢失数据
d:\work\project\haixiang\game_service_base\msg_client_common.cpp(902): warning C4244: “=”: 从“int64_t”转换到“double”，可能丢失数据
d:\work\project\haixiang\game_service_base\msg_client_common.cpp(976): warning C4244: “=”: 从“__int64”转换到“unsigned int”，可能丢失数据
d:\work\project\haixiang\game_service_base\msg_client_common.cpp(1010): warning C4244: “return”: 从“longlong”转换到“int”，可能丢失数据
d:\work\project\haixiang\game_service_base\msg_client_common.cpp(1341): warning C4244: “=”: 从“longlong”转换到“double”，可能丢失数据
d:\work\project\haixiang\game_service_base\msg_client_common.cpp(1367): warning C4244: “=”: 从“double”转换到“int”，可能丢失数据
d:\work\project\haixiang\game_service_base\msg_client_common.cpp(1369): warning C4244: “初始化”: 从“double”转换到“longlong”，可能丢失数据
d:\work\project\haixiang\game_service_base\msg_client_common.cpp(1370): warning C4244: “=”: 从“longlong”转换到“double”，可能丢失数据
d:\program files (x86)\microsoft visual studio 11.0\vc\include\algorithm(965): warning C4996: 'std::_Swap_ranges': Function call with parameters that may be unsafe - this call relies on the caller to check that the passed values are correct. To disable this warning, use -D_SCL_SECURE_NO_WARNINGS. See documentation on how to use Visual C++ 'Checked Iterators'
          d:\program files (x86)\microsoft visual studio 11.0\vc\include\algorithm(950) : 参见“std::_Swap_ranges”的声明
          c:\boost_1_55_0\boost\uuid\uuid.hpp(151): 参见对正在编译的函数 模板 实例化“_FwdIt2 std::swap_ranges<boost::uuids::uuid::iterator,boost::uuids::uuid::iterator>(_FwdIt1,_FwdIt1,_FwdIt2)”的引用
          with
          [
              _FwdIt2=boost::uuids::uuid::iterator,
              _FwdIt1=boost::uuids::uuid::iterator
          ]
d:\program files (x86)\microsoft visual studio 11.0\vc\include\xutility(3017): warning C4996: 'std::_Equal1': Function call with parameters that may be unsafe - this call relies on the caller to check that the passed values are correct. To disable this warning, use -D_SCL_SECURE_NO_WARNINGS. See documentation on how to use Visual C++ 'Checked Iterators'
          d:\program files (x86)\microsoft visual studio 11.0\vc\include\xutility(3002) : 参见“std::_Equal1”的声明
          c:\boost_1_55_0\boost\uuid\uuid.hpp(161): 参见对正在编译的函数 模板 实例化“bool std::equal<boost::uuids::uuid::const_iterator,boost::uuids::uuid::const_iterator>(_InIt1,_InIt1,_InIt2)”的引用
          with
          [
              _InIt1=boost::uuids::uuid::const_iterator,
              _InIt2=boost::uuids::uuid::const_iterator
          ]
  main.cpp
  Please define _WIN32_WINNT or _WIN32_WINDOWS appropriately. For example:
  - add -D_WIN32_WINNT=0x0501 to the compiler command line; or
  - add _WIN32_WINNT=0x0501 to your project's Preprocessor Definitions.
  Assuming _WIN32_WINNT=0x0501 (i.e. Windows XP target).
d:\work\project\haixiang\game_service_base\main.cpp(51): warning C4244: “参数”: 从“time_t”转换到“unsigned int”，可能丢失数据
d:\program files (x86)\microsoft visual studio 11.0\vc\include\algorithm(965): warning C4996: 'std::_Swap_ranges': Function call with parameters that may be unsafe - this call relies on the caller to check that the passed values are correct. To disable this warning, use -D_SCL_SECURE_NO_WARNINGS. See documentation on how to use Visual C++ 'Checked Iterators'
          d:\program files (x86)\microsoft visual studio 11.0\vc\include\algorithm(950) : 参见“std::_Swap_ranges”的声明
          c:\boost_1_55_0\boost\uuid\uuid.hpp(151): 参见对正在编译的函数 模板 实例化“_FwdIt2 std::swap_ranges<boost::uuids::uuid::iterator,boost::uuids::uuid::iterator>(_FwdIt1,_FwdIt1,_FwdIt2)”的引用
          with
          [
              _FwdIt2=boost::uuids::uuid::iterator,
              _FwdIt1=boost::uuids::uuid::iterator
          ]
d:\program files (x86)\microsoft visual studio 11.0\vc\include\xutility(3017): warning C4996: 'std::_Equal1': Function call with parameters that may be unsafe - this call relies on the caller to check that the passed values are correct. To disable this warning, use -D_SCL_SECURE_NO_WARNINGS. See documentation on how to use Visual C++ 'Checked Iterators'
          d:\program files (x86)\microsoft visual studio 11.0\vc\include\xutility(3002) : 参见“std::_Equal1”的声明
          c:\boost_1_55_0\boost\uuid\uuid.hpp(161): 参见对正在编译的函数 模板 实例化“bool std::equal<boost::uuids::uuid::const_iterator,boost::uuids::uuid::const_iterator>(_InIt1,_InIt1,_InIt2)”的引用
          with
          [
              _InIt1=boost::uuids::uuid::const_iterator,
              _InIt2=boost::uuids::uuid::const_iterator
          ]
  base64Con.cpp
  正在生成代码...
  HorseRacing.vcxproj -> D:\work\project\haixiang\niuniu_iphone\Debug\niuniu_iphone.exe
