D:\WORK\PROJECT\HAIXIANG\NIUNIU_IPHONE\DEBUG\BASE64CON.OBJ
D:\WORK\PROJECT\HAIXIANG\NIUNIU_IPHONE\DEBUG\MAIN.OBJ
D:\WORK\PROJECT\HAIXIANG\NIUNIU_IPHONE\DEBUG\MSG_CLIENT_COMMON.OBJ
D:\WORK\PROJECT\HAIXIANG\NIUNIU_IPHONE\DEBUG\TELFEE_MATCH.OBJ
D:\WORK\PROJECT\HAIXIANG\NIUNIU_IPHONE\DEBUG\GAME_LOGIC.OBJ
D:\WORK\PROJECT\HAIXIANG\NIUNIU_IPHONE\DEBUG\GAME_PLAYER.OBJ
D:\WORK\PROJECT\HAIXIANG\NIUNIU_IPHONE\DEBUG\MSG_CLIENT.OBJ
D:\WORK\PROJECT\HAIXIANG\NIUNIU_IPHONE\DEBUG\PODER_CARD.OBJ
D:\WORK\PROJECT\HAIXIANG\NIUNIU_IPHONE\DEBUG\SERVICE.OBJ
D:\WORK\PROJECT\HAIXIANG\NIUNIU_IPHONE\DEBUG\VC110.PDB
D:\WORK\PROJECT\HAIXIANG\NIUNIU_IPHONE\DEBUG\NIUNIU_IPHONE.ILK
D:\WORK\PROJECT\HAIXIANG\NIUNIU_IPHONE\DEBUG\NIUNIU_IPHONE.EXE
D:\WORK\PROJECT\HAIXIANG\NIUNIU_IPHONE\DEBUG\NIUNIU_IPHONE.PDB
D:\work\project\haixiang\niuniu_iphone\Debug\base64Con.obj
D:\work\project\haixiang\niuniu_iphone\Debug\game_logic.obj
D:\work\project\haixiang\niuniu_iphone\Debug\game_player.obj
D:\work\project\haixiang\niuniu_iphone\Debug\main.obj
D:\work\project\haixiang\niuniu_iphone\Debug\msg_client.obj
D:\work\project\haixiang\niuniu_iphone\Debug\msg_client_common.obj
D:\work\project\haixiang\niuniu_iphone\Debug\poder_card.obj
D:\work\project\haixiang\niuniu_iphone\Debug\service.obj
D:\work\project\haixiang\niuniu_iphone\Debug\telfee_match.obj
D:\work\project\haixiang\niuniu_iphone\Debug\niuniu_iphone.ilk
D:\work\project\haixiang\niuniu_iphone\Debug\cl.command.1.tlog
D:\work\project\haixiang\niuniu_iphone\Debug\CL.read.1.tlog
D:\work\project\haixiang\niuniu_iphone\Debug\CL.write.1.tlog
D:\work\project\haixiang\niuniu_iphone\Debug\link-cvtres.read.1.tlog
D:\work\project\haixiang\niuniu_iphone\Debug\link-cvtres.write.1.tlog
D:\work\project\haixiang\niuniu_iphone\Debug\link-mt.read.1.tlog
D:\work\project\haixiang\niuniu_iphone\Debug\link-mt.write.1.tlog
D:\work\project\haixiang\niuniu_iphone\Debug\link-rc.read.1.tlog
D:\work\project\haixiang\niuniu_iphone\Debug\link-rc.write.1.tlog
D:\work\project\haixiang\niuniu_iphone\Debug\link.command.1.tlog
D:\work\project\haixiang\niuniu_iphone\Debug\link.read.1.tlog
D:\work\project\haixiang\niuniu_iphone\Debug\link.write.1.tlog
D:\work\project\haixiang\niuniu_iphone\Debug\vc110.idb
D:\work\project\haixiang\niuniu_iphone\Debug\niuniu_iphone.pdb
D:\work\project\haixiang\niuniu_iphone\Debug\vc110.pdb
D:\work\project\haixiang\niuniu_iphone\Debug\niuniu_iphone.exe
